Build started 8/10/2014 5:06:35 AM.
     1>Project "C:\Users\Ody\Desktop\OpenGL Oculus Shaders - Scene Textures1 - Copy\OpenGL\OpenGL.vcxproj" on node 2 (Build target(s)).
     1>ClCompile:
         C:\Program Files (x86)\Microsoft Visual Studio 12.0\VC\bin\CL.exe /c /I.\include /Zi /nologo /W3 /WX- /sdl /O2 /Oi /Oy- /GL /D WIN32 /D NDEBUG /D _CONSOLE /D _LIB /D _CRT_SECURE_NO_WARNINGS /D _UNICODE /D UNICODE /Gm- /EHsc /MD /GS /Gy /fp:precise /Zc:wchar_t /Zc:forScope /Fo"Release\\" /Fd"Release\vc120.pdb" /Gd /TP /analyze- /errorReport:prompt scene.cpp
         scene.cpp
         GLM: rotate function taking degrees as a parameter is deprecated. #define GLM_FORCE_RADIANS before including GLM headers to remove this message.
       Link:
         C:\Program Files (x86)\Microsoft Visual Studio 12.0\VC\bin\link.exe /ERRORREPORT:PROMPT /OUT:"C:\Users\Ody\Desktop\OpenGL Oculus Shaders - Scene Textures1 - Copy\Release\OpenGL.exe" /INCREMENTAL:NO /NOLOGO /LIBPATH:.\lib opengl32.lib glu32.lib glew32.lib glfw3dll.lib libovr.lib FreeImage.lib assimp.lib winmm.lib kernel32.lib user32.lib gdi32.lib winspool.lib comdlg32.lib advapi32.lib shell32.lib ole32.lib oleaut32.lib uuid.lib odbc32.lib odbccp32.lib /MANIFEST /MANIFESTUAC:"level='asInvoker' uiAccess='false'" /manifest:embed /DEBUG /PDB:"C:\Users\Ody\Desktop\OpenGL Oculus Shaders - Scene Textures1 - Copy\Release\OpenGL.pdb" /SUBSYSTEM:CONSOLE /OPT:REF /OPT:ICF /LTCG /TLBID:1 /DYNAMICBASE /NXCOMPAT /IMPLIB:"C:\Users\Ody\Desktop\OpenGL Oculus Shaders - Scene Textures1 - Copy\Release\OpenGL.lib" /MACHINE:X86 /SAFESEH Release\display.obj
         Release\main.obj
         Release\model.obj
         Release\scene.obj
         Release\shaders.obj
         Release\skybox.obj
         Release\texture.obj
         Release\vbo.obj
            Creating library C:\Users\Ody\Desktop\OpenGL Oculus Shaders - Scene Textures1 - Copy\Release\OpenGL.lib and object C:\Users\Ody\Desktop\OpenGL Oculus Shaders - Scene Textures1 - Copy\Release\OpenGL.exp
         Generating code
         Finished generating code
         OpenGL.vcxproj -> C:\Users\Ody\Desktop\OpenGL Oculus Shaders - Scene Textures1 - Copy\Release\OpenGL.exe
     1>Done Building Project "C:\Users\Ody\Desktop\OpenGL Oculus Shaders - Scene Textures1 - Copy\OpenGL\OpenGL.vcxproj" (Build target(s)).

Build succeeded.

Time Elapsed 00:00:01.89
