c:\users\ody\desktop\opengl oculus shaders - scene textures1 - copy\opengl\debug\vc120.pdb
c:\users\ody\desktop\opengl oculus shaders - scene textures1 - copy\opengl\debug\vc120.idb
c:\users\ody\desktop\opengl oculus shaders - scene textures1 - copy\opengl\debug\shaders.obj
c:\users\ody\desktop\opengl oculus shaders - scene textures1 - copy\opengl\debug\vbo.obj
c:\users\ody\desktop\opengl oculus shaders - scene textures1 - copy\opengl\debug\model.obj
c:\users\ody\desktop\opengl oculus shaders - scene textures1 - copy\opengl\debug\scene.obj
c:\users\ody\desktop\opengl oculus shaders - scene textures1 - copy\opengl\debug\display.obj
c:\users\ody\desktop\opengl oculus shaders - scene textures1 - copy\opengl\debug\main.obj
c:\users\ody\desktop\opengl oculus shaders - scene textures1 - copy\opengl\debug\skybox.obj
c:\users\ody\desktop\opengl oculus shaders - scene textures1 - copy\opengl\debug\texture.obj
c:\users\ody\desktop\opengl oculus shaders - scene textures1 - copy\debug\opengl.ilk
c:\users\ody\desktop\opengl oculus shaders - scene textures1 - copy\debug\opengl.exe
c:\users\ody\desktop\opengl oculus shaders - scene textures1 - copy\debug\opengl.pdb
c:\users\ody\desktop\opengl oculus shaders - scene textures1 - copy\debug\opengl.lib
c:\users\ody\desktop\opengl oculus shaders - scene textures1 - copy\debug\opengl.exp
c:\users\ody\desktop\opengl oculus shaders - scene textures1 - copy\opengl\debug\opengl.tlog\cl.command.1.tlog
c:\users\ody\desktop\opengl oculus shaders - scene textures1 - copy\opengl\debug\opengl.tlog\cl.read.1.tlog
c:\users\ody\desktop\opengl oculus shaders - scene textures1 - copy\opengl\debug\opengl.tlog\cl.write.1.tlog
c:\users\ody\desktop\opengl oculus shaders - scene textures1 - copy\opengl\debug\opengl.tlog\link.command.1.tlog
c:\users\ody\desktop\opengl oculus shaders - scene textures1 - copy\opengl\debug\opengl.tlog\link.read.1.tlog
c:\users\ody\desktop\opengl oculus shaders - scene textures1 - copy\opengl\debug\opengl.tlog\link.write.1.tlog
c:\users\ody\desktop\opengl oculus shaders - scene textures1 - copy\opengl\debug\opengl.tlog\opengl.write.1u.tlog
