Build started 8/9/2014 9:12:12 PM.
     1>Project "C:\Users\Ody\Desktop\OpenGL Oculus Shaders - Scene Textures1 - Copy\OpenGL\OpenGL.vcxproj" on node 2 (Build target(s)).
     1>ClCompile:
         C:\Program Files (x86)\Microsoft Visual Studio 12.0\VC\bin\CL.exe /c /I.\include /ZI /nologo /W3 /WX- /sdl /Od /Oy- /D WIN32 /D _DEBUG /D _CONSOLE /D _LIB /D _CRT_SECURE_NO_WARNINGS /D _UNICODE /D UNICODE /Gm /EHsc /RTC1 /MDd /GS /fp:precise /Zc:wchar_t /Zc:forScope /Fo"Debug\\" /Fd"Debug\vc120.pdb" /Gd /TP /analyze- /errorReport:prompt model.cpp scene.cpp
         scene.cpp
         GLM: rotate function taking degrees as a parameter is deprecated. #define GLM_FORCE_RADIANS before including GLM headers to remove this message.
         Generating Code...
         Skipping... (no relevant changes detected)
         model.cpp
       Link:
         C:\Program Files (x86)\Microsoft Visual Studio 12.0\VC\bin\link.exe /ERRORREPORT:PROMPT /OUT:"C:\Users\Ody\Desktop\OpenGL Oculus Shaders - Scene Textures1 - Copy\Debug\OpenGL.exe" /INCREMENTAL /NOLOGO /LIBPATH:.\lib opengl32.lib glu32.lib glew32.lib glfw3dll.lib libovrd.lib FreeImage.lib assimp.lib winmm.lib kernel32.lib user32.lib gdi32.lib winspool.lib comdlg32.lib advapi32.lib shell32.lib ole32.lib oleaut32.lib uuid.lib odbc32.lib odbccp32.lib /MANIFEST /MANIFESTUAC:"level='asInvoker' uiAccess='false'" /manifest:embed /DEBUG /PDB:"C:\Users\Ody\Desktop\OpenGL Oculus Shaders - Scene Textures1 - Copy\Debug\OpenGL.pdb" /SUBSYSTEM:CONSOLE /TLBID:1 /DYNAMICBASE /NXCOMPAT /IMPLIB:"C:\Users\Ody\Desktop\OpenGL Oculus Shaders - Scene Textures1 - Copy\Debug\OpenGL.lib" /MACHINE:X86 Debug\display.obj
         Debug\main.obj
         Debug\model.obj
         Debug\scene.obj
         Debug\shaders.obj
         Debug\skybox.obj
         Debug\texture.obj
         Debug\vbo.obj
         OpenGL.vcxproj -> C:\Users\Ody\Desktop\OpenGL Oculus Shaders - Scene Textures1 - Copy\Debug\OpenGL.exe
     1>Done Building Project "C:\Users\Ody\Desktop\OpenGL Oculus Shaders - Scene Textures1 - Copy\OpenGL\OpenGL.vcxproj" (Build target(s)).

Build succeeded.

Time Elapsed 00:00:00.75
